0 info it worked if it ends with ok
1 verbose cli [ '/usr/bin/nodejs', '/usr/bin/npm', 'install' ]
2 info using npm@3.8.9
3 info using node@v6.2.0
4 silly loadCurrentTree Starting
5 silly install loadCurrentTree
6 silly install readLocalPackageData
7 silly install normalizeTree
8 silly loadCurrentTree Finishing
9 silly loadIdealTree Starting
10 silly install loadIdealTree
11 silly cloneCurrentTree Starting
12 silly install cloneCurrentTreeToIdealTree
13 silly cloneCurrentTree Finishing
14 silly loadShrinkwrap Starting
15 silly install loadShrinkwrap
16 silly loadShrinkwrap Finishing
17 silly loadAllDepsIntoIdealTree Starting
18 silly install loadAllDepsIntoIdealTree
19 silly loadAllDepsIntoIdealTree Finishing
20 silly idealTree:prePrune temperature@1.0.0
20 silly idealTree:prePrune ├── bindings@1.2.1
20 silly idealTree:prePrune └── nan@2.3.5
21 silly loadIdealTree Finishing
22 silly currentTree temperature@1.0.0
22 silly currentTree ├── bindings@1.2.1
22 silly currentTree └── nan@2.3.5
23 silly idealTree temperature@1.0.0
23 silly idealTree ├── bindings@1.2.1
23 silly idealTree └── nan@2.3.5
24 silly generateActionsToTake Starting
25 silly install generateActionsToTake
26 silly generateActionsToTake Finishing
27 silly diffTrees action count 1
28 silly diffTrees update bindings@1.2.1
29 silly decomposeActions action count 8
30 silly decomposeActions fetch bindings@1.2.1
31 silly decomposeActions extract bindings@1.2.1
32 silly decomposeActions test bindings@1.2.1
33 silly decomposeActions preinstall bindings@1.2.1
34 silly decomposeActions build bindings@1.2.1
35 silly decomposeActions install bindings@1.2.1
36 silly decomposeActions postinstall bindings@1.2.1
37 silly decomposeActions finalize bindings@1.2.1
38 silly executeActions Starting
39 silly install executeActions
40 silly doSerial global-install 0
41 silly doParallel fetch 1
42 verbose correctMkdir /home/pi/.npm/_locks correctMkdir not in flight; initializing
43 verbose lock using /home/pi/.npm/_locks/staging-a66cd1f7eda5453e.lock for /home/pi/Projects/eModules/piModules/NodeLibrary/TempModule/node_modules/.staging
44 silly doParallel extract 1
45 silly extract bindings@1.2.1
46 verbose unbuild node_modules/.staging/bindings-dfe62597
47 silly gentlyRm /home/pi/Projects/eModules/piModules/NodeLibrary/TempModule/node_modules/.staging/bindings-dfe62597 is being purged from base /home/pi/Projects/eModules/piModules/NodeLibrary/TempModule
48 verbose gentlyRm don't care about contents; nuking /home/pi/Projects/eModules/piModules/NodeLibrary/TempModule/node_modules/.staging/bindings-dfe62597
49 verbose tar unpack /home/pi/.npm/bindings/1.2.1/package.tgz
50 verbose tar unpacking to /home/pi/Projects/eModules/piModules/NodeLibrary/TempModule/node_modules/.staging/bindings-dfe62597
51 silly gentlyRm /home/pi/Projects/eModules/piModules/NodeLibrary/TempModule/node_modules/.staging/bindings-dfe62597 is being purged
52 verbose gentlyRm don't care about contents; nuking /home/pi/Projects/eModules/piModules/NodeLibrary/TempModule/node_modules/.staging/bindings-dfe62597
53 silly gunzTarPerm modes [ '755', '644' ]
54 silly gunzTarPerm extractEntry package.json
55 silly gunzTarPerm extractEntry README.md
56 silly gunzTarPerm extractEntry bindings.js
57 silly gentlyRm /home/pi/Projects/eModules/piModules/NodeLibrary/TempModule/node_modules/.staging/bindings-dfe62597/node_modules is being purged
58 verbose gentlyRm don't care about contents; nuking /home/pi/Projects/eModules/piModules/NodeLibrary/TempModule/node_modules/.staging/bindings-dfe62597/node_modules
59 silly doParallel preinstall 1
60 silly preinstall bindings@1.2.1 /home/pi/Projects/eModules/piModules/NodeLibrary/TempModule/node_modules/.staging/bindings-dfe62597
61 info lifecycle bindings@1.2.1~preinstall: bindings@1.2.1
62 silly lifecycle bindings@1.2.1~preinstall: no script for preinstall, continuing
63 silly doReverseSerial remove 0
64 silly doSerial move 0
65 silly doSerial finalize 1
66 silly finalize /home/pi/Projects/eModules/piModules/NodeLibrary/TempModule/node_modules/bindings
67 silly doSerial build 1
68 silly build bindings@1.2.1
69 info linkStuff bindings@1.2.1
70 silly linkStuff bindings@1.2.1 has /home/pi/Projects/eModules/piModules/NodeLibrary/TempModule/node_modules as its parent node_modules
71 verbose linkBins bindings@1.2.1
72 verbose linkMans bindings@1.2.1
73 silly doSerial global-link 0
74 silly doParallel update-linked 0
75 silly doSerial install 1
76 silly install bindings@1.2.1 /home/pi/Projects/eModules/piModules/NodeLibrary/TempModule/node_modules/.staging/bindings-dfe62597
77 info lifecycle bindings@1.2.1~install: bindings@1.2.1
78 silly lifecycle bindings@1.2.1~install: no script for install, continuing
79 silly doSerial postinstall 1
80 silly postinstall bindings@1.2.1 /home/pi/Projects/eModules/piModules/NodeLibrary/TempModule/node_modules/.staging/bindings-dfe62597
81 info lifecycle bindings@1.2.1~postinstall: bindings@1.2.1
82 silly lifecycle bindings@1.2.1~postinstall: no script for postinstall, continuing
83 verbose unlock done using /home/pi/.npm/_locks/staging-a66cd1f7eda5453e.lock for /home/pi/Projects/eModules/piModules/NodeLibrary/TempModule/node_modules/.staging
84 silly executeActions Finishing
85 silly rollbackFailedOptional Starting
86 silly rollbackFailedOptional Finishing
87 silly runTopLevelLifecycles Starting
88 silly install runTopLevelLifecycles
89 silly preinstall temperature@1.0.0 /home/pi/Projects/eModules/piModules/NodeLibrary/TempModule/temperature-2c574172
90 info lifecycle temperature@1.0.0~preinstall: temperature@1.0.0
91 silly lifecycle temperature@1.0.0~preinstall: no script for preinstall, continuing
92 silly build temperature@1.0.0
93 info linkStuff temperature@1.0.0
94 silly linkStuff temperature@1.0.0 has /home/pi/Projects/eModules/piModules/NodeLibrary as its parent node_modules
95 verbose linkBins temperature@1.0.0
96 verbose linkMans temperature@1.0.0
97 silly install temperature@1.0.0 /home/pi/Projects/eModules/piModules/NodeLibrary/TempModule/temperature-2c574172
98 info lifecycle temperature@1.0.0~install: temperature@1.0.0
99 verbose lifecycle temperature@1.0.0~install: unsafe-perm in lifecycle true
100 verbose lifecycle temperature@1.0.0~install: PATH: /usr/lib/node_modules/npm/bin/node-gyp-bin:/home/pi/Projects/eModules/piModules/NodeLibrary/TempModule/node_modules/.bin:/usr/bin:/usr/local/sbin:/usr/local/bin:/usr/sbin:/usr/bin:/sbin:/bin:/usr/local/games:/usr/games
101 verbose lifecycle temperature@1.0.0~install: CWD: /home/pi/Projects/eModules/piModules/NodeLibrary/TempModule
102 silly lifecycle temperature@1.0.0~install: Args: [ '-c', 'node-gyp rebuild' ]
103 silly lifecycle temperature@1.0.0~install: Returned: code: 1  signal: null
104 info lifecycle temperature@1.0.0~install: Failed to exec install script
105 warn temperature@1.0.0 No repository field.
106 verbose stack Error: temperature@1.0.0 install: `node-gyp rebuild`
106 verbose stack Exit status 1
106 verbose stack     at EventEmitter.<anonymous> (/usr/lib/node_modules/npm/lib/utils/lifecycle.js:245:16)
106 verbose stack     at emitTwo (events.js:106:13)
106 verbose stack     at EventEmitter.emit (events.js:191:7)
106 verbose stack     at ChildProcess.<anonymous> (/usr/lib/node_modules/npm/lib/utils/spawn.js:24:14)
106 verbose stack     at emitTwo (events.js:106:13)
106 verbose stack     at ChildProcess.emit (events.js:191:7)
106 verbose stack     at maybeClose (internal/child_process.js:850:16)
106 verbose stack     at Process.ChildProcess._handle.onexit (internal/child_process.js:215:5)
107 verbose pkgid temperature@1.0.0
108 verbose cwd /home/pi/Projects/eModules/piModules/NodeLibrary/TempModule
109 error Linux 4.1.17-v7+
110 error argv "/usr/bin/nodejs" "/usr/bin/npm" "install"
111 error node v6.2.0
112 error npm  v3.8.9
113 error code ELIFECYCLE
114 error temperature@1.0.0 install: `node-gyp rebuild`
114 error Exit status 1
115 error Failed at the temperature@1.0.0 install script 'node-gyp rebuild'.
115 error Make sure you have the latest version of node.js and npm installed.
115 error If you do, this is most likely a problem with the temperature package,
115 error not with npm itself.
115 error Tell the author that this fails on your system:
115 error     node-gyp rebuild
115 error You can get information on how to open an issue for this project with:
115 error     npm bugs temperature
115 error Or if that isn't available, you can get their info via:
115 error     npm owner ls temperature
115 error There is likely additional logging output above.
116 verbose exit [ 1, true ]
